examples
examples/objectoriented
examples/others
examples/standalone
examples/objectoriented/ch14
examples/others/badStandalone
examples/others/goodObjectOriented
examples/others/goodStandalone
examples/standalone/ch10
examples/standalone/ch11
examples/standalone/ch12
examples/standalone/ch13
examples/standalone/ch2
examples/standalone/ch3
examples/standalone/ch4
examples/standalone/ch5
examples/standalone/ch6
examples/standalone/ch7
examples/standalone/ch8
examples/standalone/ch9
examples/objectoriented/ch14/classlisting14-1.txt
examples/objectoriented/ch14/classlisting14-10.txt
examples/objectoriented/ch14/classlisting14-11.txt
examples/objectoriented/ch14/classlisting14-12.txt
examples/objectoriented/ch14/classlisting14-2.txt
examples/objectoriented/ch14/classlisting14-3.txt
examples/objectoriented/ch14/classlisting14-4.txt
examples/objectoriented/ch14/classlisting14-5.txt
examples/objectoriented/ch14/classlisting14-6.txt
examples/objectoriented/ch14/classlisting14-7.txt
examples/objectoriented/ch14/classlisting14-8.txt
examples/objectoriented/ch14/classlisting14-9.txt
examples/objectoriented/ch14/classlisting14-p689a.txt
examples/objectoriented/ch14/classlisting14-p689b.txt
examples/objectoriented/ch14/program14-1.txt
examples/objectoriented/ch14/program14-2.txt
examples/objectoriented/ch14/program14-3.txt
examples/objectoriented/ch14/program14-4.txt
examples/objectoriented/ch14/program14-5.txt
examples/objectoriented/ch14/program14-6.txt
examples/objectoriented/ch14/program14a-6.txt
examples/objectoriented/ch14/program14-p672.txt
examples/objectoriented/ch14/program14-p673.txt
examples/objectoriented/ch14/program14-p689.txt
examples/others/badStandalone/programBad-Function.txt
examples/others/badStandalone/programBad-If1.txt
examples/others/badStandalone/programBad-Loop1.txt
examples/others/badStandalone/programBad-Select1.txt
examples/others/goodObjectOriented/classlisting1.txt
examples/others/goodObjectOriented/classlisting2.txt
examples/others/goodObjectOriented/classlisting3.txt
examples/others/goodObjectOriented/classlisting4.txt
examples/others/goodObjectOriented/program-Classed1.txt
examples/others/goodStandalone/out1.txt
examples/others/goodStandalone/out2.txt
examples/others/goodStandalone/out3.txt
examples/others/goodStandalone/out4.txt
examples/others/goodStandalone/out5.txt
examples/others/goodStandalone/program-Arith1.txt
examples/others/goodStandalone/program-Arith2.txt
examples/others/goodStandalone/program-Arith3.txt
examples/others/goodStandalone/program-Declare.txt
examples/others/goodStandalone/program-Display.txt
examples/others/goodStandalone/program-Expr.txt
examples/others/goodStandalone/program-ExprBoolean.txt
examples/others/goodStandalone/program-ExprNested.txt
examples/others/goodStandalone/program-Function.txt
examples/others/goodStandalone/program-If1.txt
examples/others/goodStandalone/program-If2.txt
examples/others/goodStandalone/program-If3.txt
examples/others/goodStandalone/program-Loop1.txt
examples/others/goodStandalone/program-Loop2.txt
examples/others/goodStandalone/program-Loop3.txt
examples/others/goodStandalone/program-LoopNested1.txt
examples/others/goodStandalone/program-LoopNested2.txt
examples/others/goodStandalone/program-LoopNested3.txt
examples/others/goodStandalone/program-LoopNested4.txt
examples/others/goodStandalone/program-Module1.txt
examples/others/goodStandalone/program-OutFile1.txt
examples/others/goodStandalone/program-OutFile2.txt
examples/others/goodStandalone/program-Select.txt
examples/others/goodStandalone/program-Set.txt
examples/standalone/ch10/program10-1.txt
examples/standalone/ch10/program10-10.txt
examples/standalone/ch10/program10-11.txt
examples/standalone/ch10/program10-12.txt
examples/standalone/ch10/program10-13.txt
examples/standalone/ch10/program10-14.txt
examples/standalone/ch10/program10-2.txt
examples/standalone/ch10/program10-3.txt
examples/standalone/ch10/program10-4.txt
examples/standalone/ch10/program10-5.txt
examples/standalone/ch10/program10-6.txt
examples/standalone/ch10/program10-7.txt
examples/standalone/ch10/program10-8.txt
examples/standalone/ch10/program10-9.txt
examples/standalone/ch10/program10bad-14.txt
examples/standalone/ch11/program11-1.txt
examples/standalone/ch11/program11-2.txt
examples/standalone/ch11/program11-3.txt
examples/standalone/ch11/program11-4.txt
examples/standalone/ch11/program11-5.txt
examples/standalone/ch11/program11-6.txt
examples/standalone/ch12/program12-1.txt
examples/standalone/ch12/program12-2.txt
examples/standalone/ch12/program12-3.txt
examples/standalone/ch12/program12-4.txt
examples/standalone/ch12/program12-5.txt
examples/standalone/ch12/program12-6.txt
examples/standalone/ch12/program12-7.txt
examples/standalone/ch13/program13-2.txt
examples/standalone/ch13/program13-3.txt
examples/standalone/ch13/program13-4.txt
examples/standalone/ch13/program13-5.txt
examples/standalone/ch13/program13-6.txt
examples/standalone/ch13/program13-7.txt
examples/standalone/ch13/program13-8.txt
examples/standalone/ch13/program13bad-1.txt
examples/standalone/ch2/program2-1.txt
examples/standalone/ch2/program2-10.txt
examples/standalone/ch2/program2-11.txt
examples/standalone/ch2/program2-12.txt
examples/standalone/ch2/program2-13.txt
examples/standalone/ch2/program2-14.txt
examples/standalone/ch2/program2-15.txt
examples/standalone/ch2/program2-2.txt
examples/standalone/ch2/program2-3.txt
examples/standalone/ch2/program2-4.txt
examples/standalone/ch2/program2-5.txt
examples/standalone/ch2/program2-6.txt
examples/standalone/ch2/program2-7.txt
examples/standalone/ch2/program2-8.txt
examples/standalone/ch2/program2-9.txt
examples/standalone/ch2/program2-A11.txt
examples/standalone/ch2/program2-A12.txt
examples/standalone/ch3/program3-1.txt
examples/standalone/ch3/program3-10.txt
examples/standalone/ch3/program3-11.txt
examples/standalone/ch3/program3-12.txt
examples/standalone/ch3/program3-13.txt
examples/standalone/ch3/program3-2.txt
examples/standalone/ch3/program3-4.txt
examples/standalone/ch3/program3-5.txt
examples/standalone/ch3/program3-6.txt
examples/standalone/ch3/program3-7.txt
examples/standalone/ch3/program3-8.txt
examples/standalone/ch3/program3-9.txt
examples/standalone/ch3/program3-A6.txt
examples/standalone/ch3/program3-A7.txt
examples/standalone/ch3/program3bad-3.txt
examples/standalone/ch3/program3bad-3a.txt
examples/standalone/ch4/program4-1.txt
examples/standalone/ch4/program4-10.txt
examples/standalone/ch4/program4-2.txt
examples/standalone/ch4/program4-3.txt
examples/standalone/ch4/program4-4.txt
examples/standalone/ch4/program4-5.txt
examples/standalone/ch4/program4-6.txt
examples/standalone/ch4/program4-7.txt
examples/standalone/ch4/program4-8.txt
examples/standalone/ch4/program4-9.txt
examples/standalone/ch5/program5-1.txt
examples/standalone/ch5/program5-10.txt
examples/standalone/ch5/program5-11.txt
examples/standalone/ch5/program5-12.txt
examples/standalone/ch5/program5-13.txt
examples/standalone/ch5/program5-14.txt
examples/standalone/ch5/program5-15.txt
examples/standalone/ch5/program5-16.txt
examples/standalone/ch5/program5-17.txt
examples/standalone/ch5/program5-18.txt
examples/standalone/ch5/program5-19.txt
examples/standalone/ch5/program5-2.txt
examples/standalone/ch5/program5-20.txt
examples/standalone/ch5/program5-4.txt
examples/standalone/ch5/program5-5.txt
examples/standalone/ch5/program5-6.txt
examples/standalone/ch5/program5-7.txt
examples/standalone/ch5/program5-8.txt
examples/standalone/ch5/program5-9.txt
examples/standalone/ch5/program5inf-3.txt
examples/standalone/ch6/program6-1.txt
examples/standalone/ch6/program6-10.txt
examples/standalone/ch6/program6-12.txt
examples/standalone/ch6/program6-13.txt
examples/standalone/ch6/program6-2.txt
examples/standalone/ch6/program6-3.txt
examples/standalone/ch6/program6-4.txt
examples/standalone/ch6/program6-5.txt
examples/standalone/ch6/program6-6.txt
examples/standalone/ch6/program6-7.txt
examples/standalone/ch6/program6-8.txt
examples/standalone/ch6/program6-9.txt
examples/standalone/ch6/program6-append.txt
examples/standalone/ch6/program6bad-11.txt
examples/standalone/ch6/program6-contains.txt
examples/standalone/ch6/program6-isInteger.txt
examples/standalone/ch6/program6-isReal.txt
examples/standalone/ch6/program6-length.txt
examples/standalone/ch6/program6-stringToInteger.txt
examples/standalone/ch6/program6-stringToReal.txt
examples/standalone/ch6/program6-substring.txt
examples/standalone/ch6/program6-substring2.txt
examples/standalone/ch6/program6-tolower.txt
examples/standalone/ch6/program6-tolower2.txt
examples/standalone/ch6/program6-toupper.txt
examples/standalone/ch6/program6-toupper2.txt
examples/standalone/ch7/program7-1.txt
examples/standalone/ch7/program7-2.txt
examples/standalone/ch7/program7-eg1.txt
examples/standalone/ch7/program7-eg2.txt
examples/standalone/ch7/program7-eg3.txt
examples/standalone/ch7/program7-eg4.txt
examples/standalone/ch7/program7-eg5.txt
examples/standalone/ch7/program7-eg6.txt
examples/standalone/ch7/program7-eg7.txt
examples/standalone/ch7/program7-eg8.txt
examples/standalone/ch8/program8-1.txt
examples/standalone/ch8/program8-10.txt
examples/standalone/ch8/program8-11.txt
examples/standalone/ch8/program8-12.txt
examples/standalone/ch8/program8-13.txt
examples/standalone/ch8/program8-14.txt
examples/standalone/ch8/program8-15.txt
examples/standalone/ch8/program8-16.txt
examples/standalone/ch8/program8-17.txt
examples/standalone/ch8/program8-2.txt
examples/standalone/ch8/program8-3.txt
examples/standalone/ch8/program8-4.txt
examples/standalone/ch8/program8-5.txt
examples/standalone/ch8/program8-6.txt
examples/standalone/ch8/program8-7.txt
examples/standalone/ch8/program8-8.txt
examples/standalone/ch8/program8-9.txt
examples/standalone/ch9/program9-2.txt
examples/standalone/ch9/program9-3.txt
examples/standalone/ch9/program9-4.txt
examples/standalone/ch9/program9-5.txt
examples/standalone/ch9/program9-6.txt
examples/standalone/ch9/program9-8.txt
examples/standalone/ch9/program9bad-1.txt
examples/standalone/ch9/program9bad-7.txt
